# JRE version: OpenJDK Runtime Environment (21.0.4) (build 21.0.4+-12508038-b607.1)
# Java VM: OpenJDK 64-Bit Server VM (21.0.4+-12508038-b607.1, mixed mode, tiered, compressed oops, compressed class ptrs, g1 gc, windows-amd64)
GC Precious Log:
 CardTable entry size: 512
 Card Set container configuration: InlinePtr #cards 4 size 8 Array Of Cards #cards 32 size 80 Howl #buckets 8 coarsen threshold 7372 Howl Bitmap #cards 1024 size 144 coarsen threshold 921 Card regions per heap region 1 cards per card region 8192
 CPUs: 4 total, 4 available
 Memory: 7914M
 Large Page Support: Disabled
 NUMA Support: Disabled
 Compressed Oops: Enabled (Zero based)
 Heap Region Size: 4M
 Heap Min Capacity: 8M
 Heap Initial Capacity: 124M
 Heap Max Capacity: 8G
 Pre-touch: Disabled
 Parallel Workers: 4
 Concurrent Workers: 1
 Concurrent Refinement Workers: 4
 Periodic GC: Disabled
Heap:
 garbage-first heap   total 991232K, used 378734K [0x0000000600000000, 0x0000000800000000)
  region size 4096K, 3 young (12288K), 3 survivors (12288K)
 Metaspace       used 199482K, committed 202432K, reserved 1245184K
  class space    used 25751K, committed 27200K, reserved 1048576K
GC Heap History (20 events):
Event: 152.535 GC heap after
{Heap after GC invocations=90 (full 0):
 garbage-first heap   total 929792K, used 333646K [0x0000000600000000, 0x0000000800000000)
  region size 4096K, 6 young (24576K), 6 survivors (24576K)
 Metaspace       used 187970K, committed 190720K, reserved 1245184K
  class space    used 24603K, committed 25920K, reserved 1048576K
}
Event: 154.132 GC heap before
{Heap before GC invocations=90 (full 0):
 garbage-first heap   total 929792K, used 849742K [0x0000000600000000, 0x0000000800000000)
  region size 4096K, 132 young (540672K), 6 survivors (24576K)
 Metaspace       used 188046K, committed 190784K, reserved 1245184K
  class space    used 24610K, committed 25920K, reserved 1048576K
}
Event: 154.177 GC heap after
{Heap after GC invocations=91 (full 0):
 garbage-first heap   total 929792K, used 340974K [0x0000000600000000, 0x0000000800000000)
  region size 4096K, 10 young (40960K), 10 survivors (40960K)
 Metaspace       used 188046K, committed 190784K, reserved 1245184K
  class space    used 24610K, committed 25920K, reserved 1048576K
}
Event: 154.504 GC heap before
{Heap before GC invocations=91 (full 0):
 garbage-first heap   total 929792K, used 381934K [0x0000000600000000, 0x0000000800000000)
  region size 4096K, 21 young (86016K), 10 survivors (40960K)
 Metaspace       used 188052K, committed 190784K, reserved 1245184K
  class space    used 24610K, committed 25920K, reserved 1048576K
}
Event: 154.542 GC heap after
{Heap after GC invocations=92 (full 0):
 garbage-first heap   total 929792K, used 350636K [0x0000000600000000, 0x0000000800000000)
  region size 4096K, 11 young (45056K), 11 survivors (45056K)
 Metaspace       used 188052K, committed 190784K, reserved 1245184K
  class space    used 24610K, committed 25920K, reserved 1048576K
}
Event: 166.210 GC heap before
{Heap before GC invocations=93 (full 0):
 garbage-first heap   total 929792K, used 870828K [0x0000000600000000, 0x0000000800000000)
  region size 4096K, 128 young (524288K), 11 survivors (45056K)
 Metaspace       used 192840K, committed 195648K, reserved 1245184K
  class space    used 25171K, committed 26560K, reserved 1048576K
}
Event: 166.249 GC heap after
{Heap after GC invocations=94 (full 0):
 garbage-first heap   total 929792K, used 352300K [0x0000000600000000, 0x0000000800000000)
  region size 4096K, 10 young (40960K), 10 survivors (40960K)
 Metaspace       used 192840K, committed 195648K, reserved 1245184K
  class space    used 25171K, committed 26560K, reserved 1048576K
}
Event: 2061.285 GC heap before
{Heap before GC invocations=94 (full 0):
 garbage-first heap   total 929792K, used 921644K [0x0000000600000000, 0x0000000800000000)
  region size 4096K, 118 young (483328K), 10 survivors (40960K)
 Metaspace       used 196766K, committed 199616K, reserved 1245184K
  class space    used 25656K, committed 27072K, reserved 1048576K
}
Event: 2061.794 GC heap after
{Heap after GC invocations=95 (full 0):
 garbage-first heap   total 978944K, used 343917K [0x0000000600000000, 0x0000000800000000)
  region size 4096K, 10 young (40960K), 10 survivors (40960K)
 Metaspace       used 196766K, committed 199616K, reserved 1245184K
  class space    used 25656K, committed 27072K, reserved 1048576K
}
Event: 3490.828 GC heap before
{Heap before GC invocations=95 (full 0):
 garbage-first heap   total 978944K, used 872301K [0x0000000600000000, 0x0000000800000000)
  region size 4096K, 140 young (573440K), 10 survivors (40960K)
 Metaspace       used 198334K, committed 201216K, reserved 1245184K
  class space    used 25723K, committed 27136K, reserved 1048576K
}
Event: 3491.115 GC heap after
{Heap after GC invocations=96 (full 0):
 garbage-first heap   total 978944K, used 362349K [0x0000000600000000, 0x0000000800000000)
  region size 4096K, 14 young (57344K), 14 survivors (57344K)
 Metaspace       used 198334K, committed 201216K, reserved 1245184K
  class space    used 25723K, committed 27136K, reserved 1048576K
}
Event: 3495.994 GC heap before
{Heap before GC invocations=97 (full 0):
 garbage-first heap   total 978944K, used 571245K [0x0000000600000000, 0x0000000800000000)
  region size 4096K, 46 young (188416K), 14 survivors (57344K)
 Metaspace       used 198467K, committed 201344K, reserved 1245184K
  class space    used 25726K, committed 27136K, reserved 1048576K
}
Event: 3496.116 GC heap after
{Heap after GC invocations=98 (full 0):
 garbage-first heap   total 978944K, used 366028K [0x0000000600000000, 0x0000000800000000)
  region size 4096K, 2 young (8192K), 2 survivors (8192K)
 Metaspace       used 198467K, committed 201344K, reserved 1245184K
  class space    used 25726K, committed 27136K, reserved 1048576K
}
Event: 10068.419 GC heap before
{Heap before GC invocations=98 (full 0):
 garbage-first heap   total 978944K, used 972236K [0x0000000600000000, 0x0000000800000000)
  region size 4096K, 131 young (536576K), 2 survivors (8192K)
 Metaspace       used 199048K, committed 201920K, reserved 1245184K
  class space    used 25741K, committed 27136K, reserved 1048576K
}
Event: 10068.594 GC heap after
{Heap after GC invocations=99 (full 0):
 garbage-first heap   total 991232K, used 364071K [0x0000000600000000, 0x0000000800000000)
  region size 4096K, 2 young (8192K), 2 survivors (8192K)
 Metaspace       used 199048K, committed 201920K, reserved 1245184K
  class space    used 25741K, committed 27136K, reserved 1048576K
}
Event: 10083.165 GC heap before
{Heap before GC invocations=99 (full 0):
 garbage-first heap   total 991232K, used 736807K [0x0000000600000000, 0x0000000800000000)
  region size 4096K, 74 young (303104K), 2 survivors (8192K)
 Metaspace       used 199402K, committed 202368K, reserved 1245184K
  class space    used 25746K, committed 27200K, reserved 1048576K
}
Event: 10083.605 GC heap after
{Heap after GC invocations=100 (full 0):
 garbage-first heap   total 991232K, used 385428K [0x0000000600000000, 0x0000000800000000)
  region size 4096K, 9 young (36864K), 9 survivors (36864K)
 Metaspace       used 199402K, committed 202368K, reserved 1245184K
  class space    used 25746K, committed 27200K, reserved 1048576K
}
Event: 10083.647 GC heap before
{Heap before GC invocations=100 (full 0):
 garbage-first heap   total 991232K, used 393620K [0x0000000600000000, 0x0000000800000000)
  region size 4096K, 12 young (49152K), 9 survivors (36864K)
 Metaspace       used 199402K, committed 202368K, reserved 1245184K
  class space    used 25746K, committed 27200K, reserved 1048576K
}
Event: 10083.853 GC heap after
{Heap after GC invocations=101 (full 0):
 garbage-first heap   total 991232K, used 379552K [0x0000000600000000, 0x0000000800000000)
  region size 4096K, 2 young (8192K), 2 survivors (8192K)
 Metaspace       used 199402K, committed 202368K, reserved 1245184K
  class space    used 25746K, committed 27200K, reserved 1048576K
}
Event: 11392.694 GC heap before
{Heap before GC invocations=101 (full 0):
 garbage-first heap   total 991232K, used 535200K [0x0000000600000000, 0x0000000800000000)
  region size 4096K, 41 young (167936K), 2 survivors (8192K)
 Metaspace       used 199482K, committed 202432K, reserved 1245184K
  class space    used 25751K, committed 27200K, reserved 1048576K
}

